<?xml version="1.0" encoding="UTF-8"?>
<!-- Generated by org.testng.reporters.JUnitReportReporter -->
<testsuite hostname="DESKTOP-MRAEKV3" failures="0" tests="1" name="mainFramee.Frame" time="11.082" errors="0" timestamp="2024-09-19T17:41:26 IST" skipped="0">
  <testcase classname="mainFramee.Frame" name="add" time="11.082"/>
  <system-out/>
</testsuite> <!-- mainFramee.Frame -->
